-------------------------------------------------------------------------------
Test set: com.example.LionTest
-------------------------------------------------------------------------------
Tests run: 3, Failures: 3, Errors: 0, Skipped: 0, Time elapsed: 0.064 s <<< FAILURE! - in com.example.LionTest
getKittensIsCorrect(com.example.LionTest)  Time elapsed: 0.034 s  <<< FAILURE!
java.lang.AssertionError: 
ÐÐµÐºÐ¾Ñ€Ñ€ÐµÐºÑ‚Ð½Ð¾Ðµ ÐºÐ¾Ð»Ð¸Ñ‡ÐµÑÑ‚Ð²Ð¾ ÐºÐ¾Ñ‚ÑÑ‚
Expected: <2>
     but: was <1>
	at com.example.LionTest.getKittensIsCorrect(LionTest.java:37)

getFoodIsCorrect(com.example.LionTest)  Time elapsed: 0.003 s  <<< FAILURE!
java.lang.AssertionError: 
ÐÐµÐºÐ¾Ñ€Ñ€ÐµÐºÑ‚Ð½Ñ‹Ð¹ ÑÐ¿Ð¸ÑÐ¾Ðº ÐµÐ´Ñ‹
Expected: <[ÐŸÐ¸Ñ‰Ð°]>
     but: was <[Ð–Ð¸Ð²Ð¾Ñ‚Ð½Ñ‹Ðµ, ÐŸÑ‚Ð¸Ñ†Ñ‹, Ð Ñ‹Ð±Ð°]>
	at com.example.LionTest.getFoodIsCorrect(LionTest.java:49)

createLionThrowsException(com.example.LionTest)  Time elapsed: 0.017 s  <<< FAILURE!
java.lang.AssertionError: 

Expected: (an instance of java.lang.Exception and exception with message a string containing "Ð?ÑÐ¿Ð¾Ð»ÑŒÐ·ÑƒÐ¹Ñ‚Ðµ Ð´Ð¾Ð¿ÑƒÑÑ‚Ð¸Ð¼Ñ‹Ðµ Ð·Ð½Ð°Ñ‡ÐµÐ½Ð¸Ñ Ð¿Ð¾Ð»Ð° Ð¶Ð¸Ð²Ð¾Ñ‚Ð½Ð¾Ð³Ð¾ - ÑÐ°Ð¼ÐµÑ† Ð¸Ð»Ð¸ ÑÐ°Ð¼ÐºÐ°")
     but: exception with message a string containing "Ð?ÑÐ¿Ð¾Ð»ÑŒÐ·ÑƒÐ¹Ñ‚Ðµ Ð´Ð¾Ð¿ÑƒÑÑ‚Ð¸Ð¼Ñ‹Ðµ Ð·Ð½Ð°Ñ‡ÐµÐ½Ð¸Ñ Ð¿Ð¾Ð»Ð° Ð¶Ð¸Ð²Ð¾Ñ‚Ð½Ð¾Ð³Ð¾ - ÑÐ°Ð¼ÐµÑ† Ð¸Ð»Ð¸ ÑÐ°Ð¼ÐºÐ°" message was "Ð?ÑÐ¿Ð¾Ð»ÑŒÐ·ÑƒÐ¹Ñ‚Ðµ Ð´Ð¾Ð¿ÑƒÑÑ‚Ð¸Ð¼Ñ‹Ðµ Ð·Ð½Ð°Ñ‡ÐµÐ½Ð¸Ñ Ð¿Ð¾Ð»Ð° Ð¶Ð¸Ð²Ð¾Ñ‚Ð½Ð¾Ð³Ð¾ - ÑÐ°Ð¼ÐµÐ¹ Ð¸Ð»Ð¸ ÑÐ°Ð¼ÐºÐ°"
Stacktrace was: java.lang.Exception: Ð?ÑÐ¿Ð¾Ð»ÑŒÐ·ÑƒÐ¹Ñ‚Ðµ Ð´Ð¾Ð¿ÑƒÑÑ‚Ð¸Ð¼Ñ‹Ðµ Ð·Ð½Ð°Ñ‡ÐµÐ½Ð¸Ñ Ð¿Ð¾Ð»Ð° Ð¶Ð¸Ð²Ð¾Ñ‚Ð½Ð¾Ð³Ð¾ - ÑÐ°Ð¼ÐµÐ¹ Ð¸Ð»Ð¸ ÑÐ°Ð¼ÐºÐ°
	at com.example.Lion.<init>(Lion.java:15)
	at com.example.LionTest.createLionThrowsException(LionTest.java:28)
	at java.base/jdk.internal.reflect.NativeMethodAccessorImpl.invoke0(Native Method)
	at java.base/jdk.internal.reflect.NativeMethodAccessorImpl.invoke(NativeMethodAccessorImpl.java:62)
	at java.base/jdk.internal.reflect.DelegatingMethodAccessorImpl.invoke(DelegatingMethodAccessorImpl.java:43)
	at java.base/java.lang.reflect.Method.invoke(Method.java:566)
	at org.junit.runners.model.FrameworkMethod$1.runReflectiveCall(FrameworkMethod.java:59)
	at org.junit.internal.runners.model.ReflectiveCallable.run(ReflectiveCallable.java:12)
	at org.junit.runners.model.FrameworkMethod.invokeExplosively(FrameworkMethod.java:56)
	at org.junit.internal.runners.statements.InvokeMethod.evaluate(InvokeMethod.java:17)
	at org.mockito.internal.runners.DefaultInternalRunner$1$1.evaluate(DefaultInternalRunner.java:55)
	at org.junit.rules.ExpectedException$ExpectedExceptionStatement.evaluate(ExpectedException.java:258)
	at org.junit.runners.ParentRunner$3.evaluate(ParentRunner.java:306)
	at org.junit.runners.BlockJUnit4ClassRunner$1.evaluate(BlockJUnit4ClassRunner.java:100)
	at org.junit.runners.ParentRunner.runLeaf(ParentRunner.java:366)
	at org.junit.runners.BlockJUnit4ClassRunner.runChild(BlockJUnit4ClassRunner.java:103)
	at org.junit.runners.BlockJUnit4ClassRunner.runChild(BlockJUnit4ClassRunner.java:63)
	at org.junit.runners.ParentRunner$4.run(ParentRunner.java:331)
	at org.junit.runners.ParentRunner$1.schedule(ParentRunner.java:79)
	at org.junit.runners.ParentRunner.runChildren(ParentRunner.java:329)
	at org.junit.runners.ParentRunner.access$100(ParentRunner.java:66)
	at org.junit.runners.ParentRunner$2.evaluate(ParentRunner.java:293)
	at org.junit.runners.ParentRunner$3.evaluate(ParentRunner.java:306)
	at org.junit.runners.ParentRunner.run(ParentRunner.java:413)
	at org.mockito.internal.runners.DefaultInternalRunner$1.run(DefaultInternalRunner.java:100)
	at org.mockito.internal.runners.DefaultInternalRunner.run(DefaultInternalRunner.java:107)
	at org.mockito.internal.runners.StrictRunner.run(StrictRunner.java:41)
	at org.mockito.junit.MockitoJUnitRunner.run(MockitoJUnitRunner.java:163)
	at org.apache.maven.surefire.junit4.JUnit4Provider.execute(JUnit4Provider.java:365)
	at org.apache.maven.surefire.junit4.JUnit4Provider.executeWithRerun(JUnit4Provider.java:273)
	at org.apache.maven.surefire.junit4.JUnit4Provider.executeTestSet(JUnit4Provider.java:238)
	at org.apache.maven.surefire.junit4.JUnit4Provider.invoke(JUnit4Provider.java:159)
	at org.apache.maven.surefire.booter.ForkedBooter.invokeProviderInSameClassLoader(ForkedBooter.java:384)
	at org.apache.maven.surefire.booter.ForkedBooter.runSuitesInProcess(ForkedBooter.java:345)
	at org.apache.maven.surefire.booter.ForkedBooter.execute(ForkedBooter.java:126)
	at org.apache.maven.surefire.booter.ForkedBooter.main(ForkedBooter.java:418)


