<?xml version="1.0" encoding="UTF-8"?>
<testsuite xmlns:xsi="http://www.w3.org/2001/XMLSchema-instance" xsi:noNamespaceSchemaLocation="https://maven.apache.org/surefire/maven-surefire-plugin/xsd/surefire-test-report.xsd" name="com.example.LionTest" time="0.064" tests="3" errors="0" skipped="0" failures="3">
  <properties>
[...]
</properties>
  <testcase name="getKittensIsCorrect" classname="com.example.LionTest" time="0.034">
    <failure message="РќРµРєРѕСЂСЂРµРєС‚РЅРѕРµ РєРѕР»РёС‡РµСЃС‚РІРѕ РєРѕС‚СЏС‚&#10;Expected: &lt;2&gt;&#10;     but: was &lt;1&gt;" type="java.lang.AssertionError"><![CDATA[java.lang.AssertionError: 
РќРµРєРѕСЂСЂРµРєС‚РЅРѕРµ РєРѕР»РёС‡РµСЃС‚РІРѕ РєРѕС‚СЏС‚
Expected: <2>
     but: was <1>
	at com.example.LionTest.getKittensIsCorrect(LionTest.java:37)
]]></failure>
  </testcase>
  <testcase name="getFoodIsCorrect" classname="com.example.LionTest" time="0.003">
    <failure message="РќРµРєРѕСЂСЂРµРєС‚РЅС‹Р№ СЃРїРёСЃРѕРє РµРґС‹&#10;Expected: &lt;[РџРёС‰Р°]&gt;&#10;     but: was &lt;[Р–РёРІРѕС‚РЅС‹Рµ, РџС‚РёС†С‹, Р С‹Р±Р°]&gt;" type="java.lang.AssertionError"><![CDATA[java.lang.AssertionError: 
РќРµРєРѕСЂСЂРµРєС‚РЅС‹Р№ СЃРїРёСЃРѕРє РµРґС‹
Expected: <[РџРёС‰Р°]>
     but: was <[Р–РёРІРѕС‚РЅС‹Рµ, РџС‚РёС†С‹, Р С‹Р±Р°]>
	at com.example.LionTest.getFoodIsCorrect(LionTest.java:49)
]]></failure>
  </testcase>
  <testcase name="createLionThrowsException" classname="com.example.LionTest" time="0.017">
    <failure message="&#10;Expected: (an instance of java.lang.Exception and exception with message a string containing &quot;Р�СЃРїРѕР»СЊР·СѓР№С‚Рµ РґРѕРїСѓСЃС‚РёРјС‹Рµ Р·РЅР°С‡РµРЅРёСЏ РїРѕР»Р° Р¶РёРІРѕС‚РЅРѕРіРѕ - СЃР°РјРµС† РёР»Рё СЃР°РјРєР°&quot;)&#10;     but: exception with message a string containing &quot;Р�СЃРїРѕР»СЊР·СѓР№С‚Рµ РґРѕРїСѓСЃС‚РёРјС‹Рµ Р·РЅР°С‡РµРЅРёСЏ РїРѕР»Р° Р¶РёРІРѕС‚РЅРѕРіРѕ - СЃР°РјРµС† РёР»Рё СЃР°РјРєР°&quot; message was &quot;Р�СЃРїРѕР»СЊР·СѓР№С‚Рµ РґРѕРїСѓСЃС‚РёРјС‹Рµ Р·РЅР°С‡РµРЅРёСЏ РїРѕР»Р° Р¶РёРІРѕС‚РЅРѕРіРѕ - СЃР°РјРµР№ РёР»Рё СЃР°РјРєР°&quot;&#10;Stacktrace was: java.lang.Exception: Р�СЃРїРѕР»СЊР·СѓР№С‚Рµ РґРѕРїСѓСЃС‚РёРјС‹Рµ Р·РЅР°С‡РµРЅРёСЏ РїРѕР»Р° Р¶РёРІРѕС‚РЅРѕРіРѕ - СЃР°РјРµР№ РёР»Рё СЃР°РјРєР°&#10;	at com.example.Lion.&lt;init&gt;(Lion.java:15)&#10;	at com.example.LionTest.createLionThrowsException(LionTest.java:28)&#10;	at java.base/jdk.internal.reflect.NativeMethodAccessorImpl.invoke0(Native Method)&#10;	at java.base/jdk.internal.reflect.NativeMethodAccessorImpl.invoke(NativeMethodAccessorImpl.java:62)&#10;	at java.base/jdk.internal.reflect.DelegatingMethodAccessorImpl.invoke(DelegatingMethodAccessorImpl.java:43)&#10;	at java.base/java.lang.reflect.Method.invoke(Method.java:566)&#10;	at org.junit.runners.model.FrameworkMethod$1.runReflectiveCall(FrameworkMethod.java:59)&#10;	at org.junit.internal.runners.model.ReflectiveCallable.run(ReflectiveCallable.java:12)&#10;	at org.junit.runners.model.FrameworkMethod.invokeExplosively(FrameworkMethod.java:56)&#10;	at org.junit.internal.runners.statements.InvokeMethod.evaluate(InvokeMethod.java:17)&#10;	at org.mockito.internal.runners.DefaultInternalRunner$1$1.evaluate(DefaultInternalRunner.java:55)&#10;	at org.junit.rules.ExpectedException$ExpectedExceptionStatement.evaluate(ExpectedException.java:258)&#10;	at org.junit.runners.ParentRunner$3.evaluate(ParentRunner.java:306)&#10;	at org.junit.runners.BlockJUnit4ClassRunner$1.evaluate(BlockJUnit4ClassRunner.java:100)&#10;	at org.junit.runners.ParentRunner.runLeaf(ParentRunner.java:366)&#10;	at org.junit.runners.BlockJUnit4ClassRunner.runChild(BlockJUnit4ClassRunner.java:103)&#10;	at org.junit.runners.BlockJUnit4ClassRunner.runChild(BlockJUnit4ClassRunner.java:63)&#10;	at org.junit.runners.ParentRunner$4.run(ParentRunner.java:331)&#10;	at org.junit.runners.ParentRunner$1.schedule(ParentRunner.java:79)&#10;	at org.junit.runners.ParentRunner.runChildren(ParentRunner.java:329)&#10;	at org.junit.runners.ParentRunner.access$100(ParentRunner.java:66)&#10;	at org.junit.runners.ParentRunner$2.evaluate(ParentRunner.java:293)&#10;	at org.junit.runners.ParentRunner$3.evaluate(ParentRunner.java:306)&#10;	at org.junit.runners.ParentRunner.run(ParentRunner.java:413)&#10;	at org.mockito.internal.runners.DefaultInternalRunner$1.run(DefaultInternalRunner.java:100)&#10;	at org.mockito.internal.runners.DefaultInternalRunner.run(DefaultInternalRunner.java:107)&#10;	at org.mockito.internal.runners.StrictRunner.run(StrictRunner.java:41)&#10;	at org.mockito.junit.MockitoJUnitRunner.run(MockitoJUnitRunner.java:163)&#10;	at org.apache.maven.surefire.junit4.JUnit4Provider.execute(JUnit4Provider.java:365)&#10;	at org.apache.maven.surefire.junit4.JUnit4Provider.executeWithRerun(JUnit4Provider.java:273)&#10;	at org.apache.maven.surefire.junit4.JUnit4Provider.executeTestSet(JUnit4Provider.java:238)&#10;	at org.apache.maven.surefire.junit4.JUnit4Provider.invoke(JUnit4Provider.java:159)&#10;	at org.apache.maven.surefire.booter.ForkedBooter.invokeProviderInSameClassLoader(ForkedBooter.java:384)&#10;	at org.apache.maven.surefire.booter.ForkedBooter.runSuitesInProcess(ForkedBooter.java:345)&#10;	at org.apache.maven.surefire.booter.ForkedBooter.execute(ForkedBooter.java:126)&#10;	at org.apache.maven.surefire.booter.ForkedBooter.main(ForkedBooter.java:418)&#10;" type="java.lang.AssertionError"><![CDATA[java.lang.AssertionError: 

Expected: (an instance of java.lang.Exception and exception with message a string containing "Р�СЃРїРѕР»СЊР·СѓР№С‚Рµ РґРѕРїСѓСЃС‚РёРјС‹Рµ Р·РЅР°С‡РµРЅРёСЏ РїРѕР»Р° Р¶РёРІРѕС‚РЅРѕРіРѕ - СЃР°РјРµС† РёР»Рё СЃР°РјРєР°")
     but: exception with message a string containing "Р�СЃРїРѕР»СЊР·СѓР№С‚Рµ РґРѕРїСѓСЃС‚РёРјС‹Рµ Р·РЅР°С‡РµРЅРёСЏ РїРѕР»Р° Р¶РёРІРѕС‚РЅРѕРіРѕ - СЃР°РјРµС† РёР»Рё СЃР°РјРєР°" message was "Р�СЃРїРѕР»СЊР·СѓР№С‚Рµ РґРѕРїСѓСЃС‚РёРјС‹Рµ Р·РЅР°С‡РµРЅРёСЏ РїРѕР»Р° Р¶РёРІРѕС‚РЅРѕРіРѕ - СЃР°РјРµР№ РёР»Рё СЃР°РјРєР°"
Stacktrace was: java.lang.Exception: Р�СЃРїРѕР»СЊР·СѓР№С‚Рµ РґРѕРїСѓСЃС‚РёРјС‹Рµ Р·РЅР°С‡РµРЅРёСЏ РїРѕР»Р° Р¶РёРІРѕС‚РЅРѕРіРѕ - СЃР°РјРµР№ РёР»Рё СЃР°РјРєР°
	at com.example.Lion.<init>(Lion.java:15)
	at com.example.LionTest.createLionThrowsException(LionTest.java:28)
	at java.base/jdk.internal.reflect.NativeMethodAccessorImpl.invoke0(Native Method)
	at java.base/jdk.internal.reflect.NativeMethodAccessorImpl.invoke(NativeMethodAccessorImpl.java:62)
	at java.base/jdk.internal.reflect.DelegatingMethodAccessorImpl.invoke(DelegatingMethodAccessorImpl.java:43)
	at java.base/java.lang.reflect.Method.invoke(Method.java:566)
	at org.junit.runners.model.FrameworkMethod$1.runReflectiveCall(FrameworkMethod.java:59)
	at org.junit.internal.runners.model.ReflectiveCallable.run(ReflectiveCallable.java:12)
	at org.junit.runners.model.FrameworkMethod.invokeExplosively(FrameworkMethod.java:56)
	at org.junit.internal.runners.statements.InvokeMethod.evaluate(InvokeMethod.java:17)
	at org.mockito.internal.runners.DefaultInternalRunner$1$1.evaluate(DefaultInternalRunner.java:55)
	at org.junit.rules.ExpectedException$ExpectedExceptionStatement.evaluate(ExpectedException.java:258)
	at org.junit.runners.ParentRunner$3.evaluate(ParentRunner.java:306)
	at org.junit.runners.BlockJUnit4ClassRunner$1.evaluate(BlockJUnit4ClassRunner.java:100)
	at org.junit.runners.ParentRunner.runLeaf(ParentRunner.java:366)
	at org.junit.runners.BlockJUnit4ClassRunner.runChild(BlockJUnit4ClassRunner.java:103)
	at org.junit.runners.BlockJUnit4ClassRunner.runChild(BlockJUnit4ClassRunner.java:63)
	at org.junit.runners.ParentRunner$4.run(ParentRunner.java:331)
	at org.junit.runners.ParentRunner$1.schedule(ParentRunner.java:79)
	at org.junit.runners.ParentRunner.runChildren(ParentRunner.java:329)
	at org.junit.runners.ParentRunner.access$100(ParentRunner.java:66)
	at org.junit.runners.ParentRunner$2.evaluate(ParentRunner.java:293)
	at org.junit.runners.ParentRunner$3.evaluate(ParentRunner.java:306)
	at org.junit.runners.ParentRunner.run(ParentRunner.java:413)
	at org.mockito.internal.runners.DefaultInternalRunner$1.run(DefaultInternalRunner.java:100)
	at org.mockito.internal.runners.DefaultInternalRunner.run(DefaultInternalRunner.java:107)
	at org.mockito.internal.runners.StrictRunner.run(StrictRunner.java:41)
	at org.mockito.junit.MockitoJUnitRunner.run(MockitoJUnitRunner.java:163)
	at org.apache.maven.surefire.junit4.JUnit4Provider.execute(JUnit4Provider.java:365)
	at org.apache.maven.surefire.junit4.JUnit4Provider.executeWithRerun(JUnit4Provider.java:273)
	at org.apache.maven.surefire.junit4.JUnit4Provider.executeTestSet(JUnit4Provider.java:238)
	at org.apache.maven.surefire.junit4.JUnit4Provider.invoke(JUnit4Provider.java:159)
	at org.apache.maven.surefire.booter.ForkedBooter.invokeProviderInSameClassLoader(ForkedBooter.java:384)
	at org.apache.maven.surefire.booter.ForkedBooter.runSuitesInProcess(ForkedBooter.java:345)
	at org.apache.maven.surefire.booter.ForkedBooter.execute(ForkedBooter.java:126)
	at org.apache.maven.surefire.booter.ForkedBooter.main(ForkedBooter.java:418)

]]></failure>
  </testcase>
</testsuite>